On branch master
Your branch is up-to-date with 'origin/master'.

Changes not staged for commit:
	modified:   ../Algorithm.ipynb
	deleted:    ../simple_rt_experiment/.DS_Store
	deleted:    ../simple_rt_experiment/.iohpid
	deleted:    ../simple_rt_experiment/.ipynb_checkpoints/Untitled-checkpoint.ipynb
	deleted:    ../simple_rt_experiment/data/0756_cond0_trialset2.csv
	deleted:    ../simple_rt_experiment/data/0756_cond0_trialset2_runInfo.csv
	deleted:    ../simple_rt_experiment/data/0756_cond1_trialset2.csv
	deleted:    ../simple_rt_experiment/data/0756_cond1_trialset2_runInfo.csv
	deleted:    ../simple_rt_experiment/data/0756_cond2_trialset2.csv
	deleted:    ../simple_rt_experiment/data/0756_cond2_trialset2_runInfo.csv
	deleted:    ../simple_rt_experiment/data/0756_cond3_trialset2.csv
	deleted:    ../simple_rt_experiment/data/0756_cond3_trialset2_runInfo.csv
	deleted:    ../simple_rt_experiment/data/0757_cond0_trialset0.csv
	deleted:    ../simple_rt_experiment/data/0757_cond0_trialset0_runInfo.csv
	deleted:    ../simple_rt_experiment/data/0757_cond1_trialset0.csv
	deleted:    ../simple_rt_experiment/data/0757_cond1_trialset0_runInfo.csv
	deleted:    ../simple_rt_experiment/data/0757_cond2_trialset0.csv
	deleted:    ../simple_rt_experiment/data/0757_cond2_trialset0_runInfo.csv
	deleted:    ../simple_rt_experiment/data/0757_cond3_trialset0.csv
	deleted:    ../simple_rt_experiment/data/0757_cond3_trialset0_runInfo.csv
	deleted:    ../simple_rt_experiment/data/0758_cond0_trialset17.csv
	deleted:    ../simple_rt_experiment/data/0758_cond0_trialset17_runInfo.csv
	deleted:    ../simple_rt_experiment/data/0758_cond1_trialset17.csv
	deleted:    ../simple_rt_experiment/data/0758_cond1_trialset17_runInfo.csv
	deleted:    ../simple_rt_experiment/data/0758_cond2_trialset17.csv
	deleted:    ../simple_rt_experiment/data/0758_cond2_trialset17_runInfo.csv
	deleted:    ../simple_rt_experiment/data/0758_cond3_trialset17.csv
	deleted:    ../simple_rt_experiment/data/0758_cond3_trialset17_runInfo.csv
	deleted:    ../simple_rt_experiment/data/0759_cond0_trialset21.csv
	deleted:    ../simple_rt_experiment/data/0759_cond0_trialset21_runInfo.csv
	deleted:    ../simple_rt_experiment/data/0759_cond1_trialset21.csv
	deleted:    ../simple_rt_experiment/data/0759_cond1_trialset21_runInfo.csv
	deleted:    ../simple_rt_experiment/data/0759_cond2_trialset21.csv
	deleted:    ../simple_rt_experiment/data/0759_cond2_trialset21_runInfo.csv
	deleted:    ../simple_rt_experiment/data/0759_cond3_trialset21.csv
	deleted:    ../simple_rt_experiment/data/0759_cond3_trialset21_runInfo.csv
	deleted:    ../simple_rt_experiment/data/0760_cond0_trialset31.csv
	deleted:    ../simple_rt_experiment/data/0760_cond0_trialset31_runInfo.csv
	deleted:    ../simple_rt_experiment/data/0760_cond1_trialset31.csv
	deleted:    ../simple_rt_experiment/data/0760_cond1_trialset31_runInfo.csv
	deleted:    ../simple_rt_experiment/data/0760_cond2_trialset31.csv
	deleted:    ../simple_rt_experiment/data/0760_cond2_trialset31_runInfo.csv
	deleted:    ../simple_rt_experiment/data/0760_cond3_trialset31.csv
	deleted:    ../simple_rt_experiment/data/0760_cond3_trialset31_runInfo.csv
	deleted:    ../simple_rt_experiment/data/1000_cond2_trialset1.csv
	deleted:    ../simple_rt_experiment/data/1000_cond2_trialset1_runInfo.csv
	deleted:    ../simple_rt_experiment/data/test_cond0_trialset0.csv
	deleted:    ../simple_rt_experiment/data/test_cond0_trialset0_runInfo.csv
	deleted:    ../simple_rt_experiment/experimental_parameters/hvhc_0.csv
	deleted:    ../simple_rt_experiment/experimental_parameters/hvhc_1.csv
	deleted:    ../simple_rt_experiment/experimental_parameters/hvhc_10.csv
	deleted:    ../simple_rt_experiment/experimental_parameters/hvhc_11.csv
	deleted:    ../simple_rt_experiment/experimental_parameters/hvhc_12.csv
	deleted:    ../simple_rt_experiment/experimental_parameters/hvhc_13.csv
	deleted:    ../simple_rt_experiment/experimental_parameters/hvhc_14.csv
	deleted:    ../simple_rt_experiment/experimental_parameters/hvhc_15.csv
	deleted:    ../simple_rt_experiment/experimental_parameters/hvhc_16.csv
	deleted:    ../simple_rt_experiment/experimental_parameters/hvhc_17.csv
	deleted:    ../simple_rt_experiment/experimental_parameters/hvhc_18.csv
	deleted:    ../simple_rt_experiment/experimental_parameters/hvhc_19.csv
	deleted:    ../simple_rt_experiment/experimental_parameters/hvhc_2.csv
	deleted:    ../simple_rt_experiment/experimental_parameters/hvhc_20.csv
	deleted:    ../simple_rt_experiment/experimental_parameters/hvhc_21.csv
	deleted:    ../simple_rt_experiment/experimental_parameters/hvhc_22.csv
	deleted:    ../simple_rt_experiment/experimental_parameters/hvhc_23.csv
	deleted:    ../simple_rt_experiment/experimental_parameters/hvhc_24.csv
	deleted:    ../simple_rt_experiment/experimental_parameters/hvhc_25.csv
	deleted:    ../simple_rt_experiment/experimental_parameters/hvhc_26.csv
	deleted:    ../simple_rt_experiment/experimental_parameters/hvhc_27.csv
	deleted:    ../simple_rt_experiment/experimental_parameters/hvhc_28.csv
	deleted:    ../simple_rt_experiment/experimental_parameters/hvhc_29.csv
	deleted:    ../simple_rt_experiment/experimental_parameters/hvhc_3.csv
	deleted:    ../simple_rt_experiment/experimental_parameters/hvhc_30.csv
	deleted:    ../simple_rt_experiment/experimental_parameters/hvhc_31.csv
	deleted:    ../simple_rt_experiment/experimental_parameters/hvhc_32.csv
	deleted:    ../simple_rt_experiment/experimental_parameters/hvhc_33.csv
	deleted:    ../simple_rt_experiment/experimental_parameters/hvhc_34.csv
	deleted:    ../simple_rt_experiment/experimental_parameters/hvhc_35.csv
	deleted:    ../simple_rt_experiment/experimental_parameters/hvhc_36.csv
	deleted:    ../simple_rt_experiment/experimental_parameters/hvhc_37.csv
	deleted:    ../simple_rt_experiment/experimental_parameters/hvhc_38.csv
	deleted:    ../simple_rt_experiment/experimental_parameters/hvhc_39.csv
	deleted:    ../simple_rt_experiment/experimental_parameters/hvhc_4.csv
	deleted:    ../simple_rt_experiment/experimental_parameters/hvhc_40.csv
	deleted:    ../simple_rt_experiment/experimental_parameters/hvhc_41.csv
	deleted:    ../simple_rt_experiment/experimental_parameters/hvhc_42.csv
	deleted:    ../simple_rt_experiment/experimental_parameters/hvhc_43.csv
	deleted:    ../simple_rt_experiment/experimental_parameters/hvhc_44.csv
	deleted:    ../simple_rt_experiment/experimental_parameters/hvhc_45.csv
	deleted:    ../simple_rt_experiment/experimental_parameters/hvhc_46.csv
	deleted:    ../simple_rt_experiment/experimental_parameters/hvhc_47.csv
	deleted:    ../simple_rt_experiment/experimental_parameters/hvhc_48.csv
	deleted:    ../simple_rt_experiment/experimental_parameters/hvhc_49.csv
	deleted:    ../simple_rt_experiment/experimental_parameters/hvhc_5.csv
	deleted:    ../simple_rt_experiment/experimental_parameters/hvhc_50.csv
	deleted:    ../simple_rt_experiment/experimental_parameters/hvhc_51.csv
	deleted:    ../simple_rt_experiment/experimental_parameters/hvhc_52.csv
	deleted:    ../simple_rt_experiment/experimental_parameters/hvhc_53.csv
	deleted:    ../simple_rt_experiment/experimental_parameters/hvhc_54.csv
	deleted:    ../simple_rt_experiment/experimental_parameters/hvhc_55.csv
	deleted:    ../simple_rt_experiment/experimental_parameters/hvhc_56.csv
	deleted:    ../simple_rt_experiment/experimental_parameters/hvhc_57.csv
	deleted:    ../simple_rt_experiment/experimental_parameters/hvhc_58.csv
	deleted:    ../simple_rt_experiment/experimental_parameters/hvhc_59.csv
	deleted:    ../simple_rt_experiment/experimental_parameters/hvhc_6.csv
	deleted:    ../simple_rt_experiment/experimental_parameters/hvhc_60.csv
	deleted:    ../simple_rt_experiment/experimental_parameters/hvhc_61.csv
	deleted:    ../simple_rt_experiment/experimental_parameters/hvhc_62.csv
	deleted:    ../simple_rt_experiment/experimental_parameters/hvhc_63.csv
	deleted:    ../simple_rt_experiment/experimental_parameters/hvhc_64.csv
	deleted:    ../simple_rt_experiment/experimental_parameters/hvhc_65.csv
	deleted:    ../simple_rt_experiment/experimental_parameters/hvhc_66.csv
	deleted:    ../simple_rt_experiment/experimental_parameters/hvhc_67.csv
	deleted:    ../simple_rt_experiment/experimental_parameters/hvhc_68.csv
	deleted:    ../simple_rt_experiment/experimental_parameters/hvhc_69.csv
	deleted:    ../simple_rt_experiment/experimental_parameters/hvhc_7.csv
	deleted:    ../simple_rt_experiment/experimental_parameters/hvhc_70.csv
	deleted:    ../simple_rt_experiment/experimental_parameters/hvhc_71.csv
	deleted:    ../simple_rt_experiment/experimental_parameters/hvhc_72.csv
	deleted:    ../simple_rt_experiment/experimental_parameters/hvhc_73.csv
	deleted:    ../simple_rt_experiment/experimental_parameters/hvhc_74.csv
	deleted:    ../simple_rt_experiment/experimental_parameters/hvhc_75.csv
	deleted:    ../simple_rt_experiment/experimental_parameters/hvhc_76.csv
	deleted:    ../simple_rt_experiment/experimental_parameters/hvhc_77.csv
	deleted:    ../simple_rt_experiment/experimental_parameters/hvhc_78.csv
	deleted:    ../simple_rt_experiment/experimental_parameters/hvhc_79.csv
	deleted:    ../simple_rt_experiment/experimental_parameters/hvhc_8.csv
	deleted:    ../simple_rt_experiment/experimental_parameters/hvhc_80.csv
	deleted:    ../simple_rt_experiment/experimental_parameters/hvhc_81.csv
	deleted:    ../simple_rt_experiment/experimental_parameters/hvhc_82.csv
	deleted:    ../simple_rt_experiment/experimental_parameters/hvhc_83.csv
	deleted:    ../simple_rt_experiment/experimental_parameters/hvhc_84.csv
	deleted:    ../simple_rt_experiment/experimental_parameters/hvhc_85.csv
	deleted:    ../simple_rt_experiment/experimental_parameters/hvhc_86.csv
	deleted:    ../simple_rt_experiment/experimental_parameters/hvhc_87.csv
	deleted:    ../simple_rt_experiment/experimental_parameters/hvhc_88.csv
	deleted:    ../simple_rt_experiment/experimental_parameters/hvhc_89.csv
	deleted:    ../simple_rt_experiment/experimental_parameters/hvhc_9.csv
	deleted:    ../simple_rt_experiment/experimental_parameters/hvhc_90.csv
	deleted:    ../simple_rt_experiment/experimental_parameters/hvhc_91.csv
	deleted:    ../simple_rt_experiment/experimental_parameters/hvhc_92.csv
	deleted:    ../simple_rt_experiment/experimental_parameters/hvhc_93.csv
	deleted:    ../simple_rt_experiment/experimental_parameters/hvhc_94.csv
	deleted:    ../simple_rt_experiment/experimental_parameters/hvhc_95.csv
	deleted:    ../simple_rt_experiment/experimental_parameters/hvhc_96.csv
	deleted:    ../simple_rt_experiment/experimental_parameters/hvhc_97.csv
	deleted:    ../simple_rt_experiment/experimental_parameters/hvhc_98.csv
	deleted:    ../simple_rt_experiment/experimental_parameters/hvhc_99.csv
	deleted:    ../simple_rt_experiment/experimental_parameters/hvlc_0.csv
	deleted:    ../simple_rt_experiment/experimental_parameters/hvlc_1.csv
	deleted:    ../simple_rt_experiment/experimental_parameters/hvlc_10.csv
	deleted:    ../simple_rt_experiment/experimental_parameters/hvlc_11.csv
	deleted:    ../simple_rt_experiment/experimental_parameters/hvlc_12.csv
	deleted:    ../simple_rt_experiment/experimental_parameters/hvlc_13.csv
	deleted:    ../simple_rt_experiment/experimental_parameters/hvlc_14.csv
	deleted:    ../simple_rt_experiment/experimental_parameters/hvlc_15.csv
	deleted:    ../simple_rt_experiment/experimental_parameters/hvlc_16.csv
	deleted:    ../simple_rt_experiment/experimental_parameters/hvlc_17.csv
	deleted:    ../simple_rt_experiment/experimental_parameters/hvlc_18.csv
	deleted:    ../simple_rt_experiment/experimental_parameters/hvlc_19.csv
	deleted:    ../simple_rt_experiment/experimental_parameters/hvlc_2.csv
	deleted:    ../simple_rt_experiment/experimental_parameters/hvlc_20.csv
	deleted:    ../simple_rt_experiment/experimental_parameters/hvlc_21.csv
	deleted:    ../simple_rt_experiment/experimental_parameters/hvlc_22.csv
	deleted:    ../simple_rt_experiment/experimental_parameters/hvlc_23.csv
	deleted:    ../simple_rt_experiment/experimental_parameters/hvlc_24.csv
	deleted:    ../simple_rt_experiment/experimental_parameters/hvlc_25.csv
	deleted:    ../simple_rt_experiment/experimental_parameters/hvlc_26.csv
	deleted:    ../simple_rt_experiment/experimental_parameters/hvlc_27.csv
	deleted:    ../simple_rt_experiment/experimental_parameters/hvlc_28.csv
	deleted:    ../simple_rt_experiment/experimental_parameters/hvlc_29.csv
	deleted:    ../simple_rt_experiment/experimental_parameters/hvlc_3.csv
	deleted:    ../simple_rt_experiment/experimental_parameters/hvlc_30.csv
	deleted:    ../simple_rt_experiment/experimental_parameters/hvlc_31.csv
	deleted:    ../simple_rt_experiment/experimental_parameters/hvlc_32.csv
	deleted:    ../simple_rt_experiment/experimental_parameters/hvlc_33.csv
	deleted:    ../simple_rt_experiment/experimental_parameters/hvlc_34.csv
	deleted:    ../simple_rt_experiment/experimental_parameters/hvlc_35.csv
	deleted:    ../simple_rt_experiment/experimental_parameters/hvlc_36.csv
	deleted:    ../simple_rt_experiment/experimental_parameters/hvlc_37.csv
	deleted:    ../simple_rt_experiment/experimental_parameters/hvlc_38.csv
	deleted:    ../simple_rt_experiment/experimental_parameters/hvlc_39.csv
	deleted:    ../simple_rt_experiment/experimental_parameters/hvlc_4.csv
	deleted:    ../simple_rt_experiment/experimental_parameters/hvlc_40.csv
	deleted:    ../simple_rt_experiment/experimental_parameters/hvlc_41.csv
	deleted:    ../simple_rt_experiment/experimental_parameters/hvlc_42.csv
	deleted:    ../simple_rt_experiment/experimental_parameters/hvlc_43.csv
	deleted:    ../simple_rt_experiment/experimental_parameters/hvlc_44.csv
	deleted:    ../simple_rt_experiment/experimental_parameters/hvlc_45.csv
	deleted:    ../simple_rt_experiment/experimental_parameters/hvlc_46.csv
	deleted:    ../simple_rt_experiment/experimental_parameters/hvlc_47.csv
	deleted:    ../simple_rt_experiment/experimental_parameters/hvlc_48.csv
	deleted:    ../simple_rt_experiment/experimental_parameters/hvlc_49.csv
	deleted:    ../simple_rt_experiment/experimental_parameters/hvlc_5.csv
	deleted:    ../simple_rt_experiment/experimental_parameters/hvlc_50.csv
	deleted:    ../simple_rt_experiment/experimental_parameters/hvlc_51.csv
	deleted:    ../simple_rt_experiment/experimental_parameters/hvlc_52.csv
	deleted:    ../simple_rt_experiment/experimental_parameters/hvlc_53.csv
	deleted:    ../simple_rt_experiment/experimental_parameters/hvlc_54.csv
	deleted:    ../simple_rt_experiment/experimental_parameters/hvlc_55.csv
	deleted:    ../simple_rt_experiment/experimental_parameters/hvlc_56.csv
	deleted:    ../simple_rt_experiment/experimental_parameters/hvlc_57.csv
	deleted:    ../simple_rt_experiment/experimental_parameters/hvlc_58.csv
	deleted:    ../simple_rt_experiment/experimental_parameters/hvlc_59.csv
	deleted:    ../simple_rt_experiment/experimental_parameters/hvlc_6.csv
	deleted:    ../simple_rt_experiment/experimental_parameters/hvlc_60.csv
	deleted:    ../simple_rt_experiment/experimental_parameters/hvlc_61.csv
	deleted:    ../simple_rt_experiment/experimental_parameters/hvlc_62.csv
	deleted:    ../simple_rt_experiment/experimental_parameters/hvlc_63.csv
	deleted:    ../simple_rt_experiment/experimental_parameters/hvlc_64.csv
	deleted:    ../simple_rt_experiment/experimental_parameters/hvlc_65.csv
	deleted:    ../simple_rt_experiment/experimental_parameters/hvlc_66.csv
	deleted:    ../simple_rt_experiment/experimental_parameters/hvlc_67.csv
	deleted:    ../simple_rt_experiment/experimental_parameters/hvlc_68.csv
	deleted:    ../simple_rt_experiment/experimental_parameters/hvlc_69.csv
	deleted:    ../simple_rt_experiment/experimental_parameters/hvlc_7.csv
	deleted:    ../simple_rt_experiment/experimental_parameters/hvlc_70.csv
	deleted:    ../simple_rt_experiment/experimental_parameters/hvlc_71.csv
	deleted:    ../simple_rt_experiment/experimental_parameters/hvlc_72.csv
	deleted:    ../simple_rt_experiment/experimental_parameters/hvlc_73.csv
	deleted:    ../simple_rt_experiment/experimental_parameters/hvlc_74.csv
	deleted:    ../simple_rt_experiment/experimental_parameters/hvlc_75.csv
	deleted:    ../simple_rt_experiment/experimental_parameters/hvlc_76.csv
	deleted:    ../simple_rt_experiment/experimental_parameters/hvlc_77.csv
	deleted:    ../simple_rt_experiment/experimental_parameters/hvlc_78.csv
	deleted:    ../simple_rt_experiment/experimental_parameters/hvlc_79.csv
	deleted:    ../simple_rt_experiment/experimental_parameters/hvlc_8.csv
	deleted:    ../simple_rt_experiment/experimental_parameters/hvlc_80.csv
	deleted:    ../simple_rt_experiment/experimental_parameters/hvlc_81.csv
	deleted:    ../simple_rt_experiment/experimental_parameters/hvlc_82.csv
	deleted:    ../simple_rt_experiment/experimental_parameters/hvlc_83.csv
	deleted:    ../simple_rt_experiment/experimental_parameters/hvlc_84.csv
	deleted:    ../simple_rt_experiment/experimental_parameters/hvlc_85.csv
	deleted:    ../simple_rt_experiment/experimental_parameters/hvlc_86.csv
	deleted:    ../simple_rt_experiment/experimental_parameters/hvlc_87.csv
	deleted:    ../simple_rt_experiment/experimental_parameters/hvlc_88.csv
	deleted:    ../simple_rt_experiment/experimental_parameters/hvlc_89.csv
	deleted:    ../simple_rt_experiment/experimental_parameters/hvlc_9.csv
	deleted:    ../simple_rt_experiment/experimental_parameters/hvlc_90.csv
	deleted:    ../simple_rt_experiment/experimental_parameters/hvlc_91.csv
	deleted:    ../simple_rt_experiment/experimental_parameters/hvlc_92.csv
	deleted:    ../simple_rt_experiment/experimental_parameters/hvlc_93.csv
	deleted:    ../simple_rt_experiment/experimental_parameters/hvlc_94.csv
	deleted:    ../simple_rt_experiment/experimental_parameters/hvlc_95.csv
	deleted:    ../simple_rt_experiment/experimental_parameters/hvlc_96.csv
	deleted:    ../simple_rt_experiment/experimental_parameters/hvlc_97.csv
	deleted:    ../simple_rt_experiment/experimental_parameters/hvlc_98.csv
	deleted:    ../simple_rt_experiment/experimental_parameters/hvlc_99.csv
	deleted:    ../simple_rt_experiment/experimental_parameters/lvhc_0.csv
	deleted:    ../simple_rt_experiment/experimental_parameters/lvhc_1.csv
	deleted:    ../simple_rt_experiment/experimental_parameters/lvhc_10.csv
	deleted:    ../simple_rt_experiment/experimental_parameters/lvhc_11.csv
	deleted:    ../simple_rt_experiment/experimental_parameters/lvhc_12.csv
	deleted:    ../simple_rt_experiment/experimental_parameters/lvhc_13.csv
	deleted:    ../simple_rt_experiment/experimental_parameters/lvhc_14.csv
	deleted:    ../simple_rt_experiment/experimental_parameters/lvhc_15.csv
	deleted:    ../simple_rt_experiment/experimental_parameters/lvhc_16.csv
	deleted:    ../simple_rt_experiment/experimental_parameters/lvhc_17.csv
	deleted:    ../simple_rt_experiment/experimental_parameters/lvhc_18.csv
	deleted:    ../simple_rt_experiment/experimental_parameters/lvhc_19.csv
	deleted:    ../simple_rt_experiment/experimental_parameters/lvhc_2.csv
	deleted:    ../simple_rt_experiment/experimental_parameters/lvhc_20.csv
	deleted:    ../simple_rt_experiment/experimental_parameters/lvhc_21.csv
	deleted:    ../simple_rt_experiment/experimental_parameters/lvhc_22.csv
	deleted:    ../simple_rt_experiment/experimental_parameters/lvhc_23.csv
	deleted:    ../simple_rt_experiment/experimental_parameters/lvhc_24.csv
	deleted:    ../simple_rt_experiment/experimental_parameters/lvhc_25.csv
	deleted:    ../simple_rt_experiment/experimental_parameters/lvhc_26.csv
	deleted:    ../simple_rt_experiment/experimental_parameters/lvhc_27.csv
	deleted:    ../simple_rt_experiment/experimental_parameters/lvhc_28.csv
	deleted:    ../simple_rt_experiment/experimental_parameters/lvhc_29.csv
	deleted:    ../simple_rt_experiment/experimental_parameters/lvhc_3.csv
	deleted:    ../simple_rt_experiment/experimental_parameters/lvhc_30.csv
	deleted:    ../simple_rt_experiment/experimental_parameters/lvhc_31.csv
	deleted:    ../simple_rt_experiment/experimental_parameters/lvhc_32.csv
	deleted:    ../simple_rt_experiment/experimental_parameters/lvhc_33.csv
	deleted:    ../simple_rt_experiment/experimental_parameters/lvhc_34.csv
	deleted:    ../simple_rt_experiment/experimental_parameters/lvhc_35.csv
	deleted:    ../simple_rt_experiment/experimental_parameters/lvhc_36.csv
	deleted:    ../simple_rt_experiment/experimental_parameters/lvhc_37.csv
	deleted:    ../simple_rt_experiment/experimental_parameters/lvhc_38.csv
	deleted:    ../simple_rt_experiment/experimental_parameters/lvhc_39.csv
	deleted:    ../simple_rt_experiment/experimental_parameters/lvhc_4.csv
	deleted:    ../simple_rt_experiment/experimental_parameters/lvhc_40.csv
	deleted:    ../simple_rt_experiment/experimental_parameters/lvhc_41.csv
	deleted:    ../simple_rt_experiment/experimental_parameters/lvhc_42.csv
	deleted:    ../simple_rt_experiment/experimental_parameters/lvhc_43.csv
	deleted:    ../simple_rt_experiment/experimental_parameters/lvhc_44.csv
	deleted:    ../simple_rt_experiment/experimental_parameters/lvhc_45.csv
	deleted:    ../simple_rt_experiment/experimental_parameters/lvhc_46.csv
	deleted:    ../simple_rt_experiment/experimental_parameters/lvhc_47.csv
	deleted:    ../simple_rt_experiment/experimental_parameters/lvhc_48.csv
	deleted:    ../simple_rt_experiment/experimental_parameters/lvhc_49.csv
	deleted:    ../simple_rt_experiment/experimental_parameters/lvhc_5.csv
	deleted:    ../simple_rt_experiment/experimental_parameters/lvhc_50.csv
	deleted:    ../simple_rt_experiment/experimental_parameters/lvhc_51.csv
	deleted:    ../simple_rt_experiment/experimental_parameters/lvhc_52.csv
	deleted:    ../simple_rt_experiment/experimental_parameters/lvhc_53.csv
	deleted:    ../simple_rt_experiment/experimental_parameters/lvhc_54.csv
	deleted:    ../simple_rt_experiment/experimental_parameters/lvhc_55.csv
	deleted:    ../simple_rt_experiment/experimental_parameters/lvhc_56.csv
	deleted:    ../simple_rt_experiment/experimental_parameters/lvhc_57.csv
	deleted:    ../simple_rt_experiment/experimental_parameters/lvhc_58.csv
	deleted:    ../simple_rt_experiment/experimental_parameters/lvhc_59.csv
	deleted:    ../simple_rt_experiment/experimental_parameters/lvhc_6.csv
	deleted:    ../simple_rt_experiment/experimental_parameters/lvhc_60.csv
	deleted:    ../simple_rt_experiment/experimental_parameters/lvhc_61.csv
	deleted:    ../simple_rt_experiment/experimental_parameters/lvhc_62.csv
	deleted:    ../simple_rt_experiment/experimental_parameters/lvhc_63.csv
	deleted:    ../simple_rt_experiment/experimental_parameters/lvhc_64.csv
	deleted:    ../simple_rt_experiment/experimental_parameters/lvhc_65.csv
	deleted:    ../simple_rt_experiment/experimental_parameters/lvhc_66.csv
	deleted:    ../simple_rt_experiment/experimental_parameters/lvhc_67.csv
	deleted:    ../simple_rt_experiment/experimental_parameters/lvhc_68.csv
	deleted:    ../simple_rt_experiment/experimental_parameters/lvhc_69.csv
	deleted:    ../simple_rt_experiment/experimental_parameters/lvhc_7.csv
	deleted:    ../simple_rt_experiment/experimental_parameters/lvhc_70.csv
	deleted:    ../simple_rt_experiment/experimental_parameters/lvhc_71.csv
	deleted:    ../simple_rt_experiment/experimental_parameters/lvhc_72.csv
	deleted:    ../simple_rt_experiment/experimental_parameters/lvhc_73.csv
	deleted:    ../simple_rt_experiment/experimental_parameters/lvhc_74.csv
	deleted:    ../simple_rt_experiment/experimental_parameters/lvhc_75.csv
	deleted:    ../simple_rt_experiment/experimental_parameters/lvhc_76.csv
	deleted:    ../simple_rt_experiment/experimental_parameters/lvhc_77.csv
	deleted:    ../simple_rt_experiment/experimental_parameters/lvhc_78.csv
	deleted:    ../simple_rt_experiment/experimental_parameters/lvhc_79.csv
	deleted:    ../simple_rt_experiment/experimental_parameters/lvhc_8.csv
	deleted:    ../simple_rt_experiment/experimental_parameters/lvhc_80.csv
	deleted:    ../simple_rt_experiment/experimental_parameters/lvhc_81.csv
	deleted:    ../simple_rt_experiment/experimental_parameters/lvhc_82.csv
	deleted:    ../simple_rt_experiment/experimental_parameters/lvhc_83.csv
	deleted:    ../simple_rt_experiment/experimental_parameters/lvhc_84.csv
	deleted:    ../simple_rt_experiment/experimental_parameters/lvhc_85.csv
	deleted:    ../simple_rt_experiment/experimental_parameters/lvhc_86.csv
	deleted:    ../simple_rt_experiment/experimental_parameters/lvhc_87.csv
	deleted:    ../simple_rt_experiment/experimental_parameters/lvhc_88.csv
	deleted:    ../simple_rt_experiment/experimental_parameters/lvhc_89.csv
	deleted:    ../simple_rt_experiment/experimental_parameters/lvhc_9.csv
	deleted:    ../simple_rt_experiment/experimental_parameters/lvhc_90.csv
	deleted:    ../simple_rt_experiment/experimental_parameters/lvhc_91.csv
	deleted:    ../simple_rt_experiment/experimental_parameters/lvhc_92.csv
	deleted:    ../simple_rt_experiment/experimental_parameters/lvhc_93.csv
	deleted:    ../simple_rt_experiment/experimental_parameters/lvhc_94.csv
	deleted:    ../simple_rt_experiment/experimental_parameters/lvhc_95.csv
	deleted:    ../simple_rt_experiment/experimental_parameters/lvhc_96.csv
	deleted:    ../simple_rt_experiment/experimental_parameters/lvhc_97.csv
	deleted:    ../simple_rt_experiment/experimental_parameters/lvhc_98.csv
	deleted:    ../simple_rt_experiment/experimental_parameters/lvhc_99.csv
	deleted:    ../simple_rt_experiment/experimental_parameters/lvlc_0.csv
	deleted:    ../simple_rt_experiment/experimental_parameters/lvlc_1.csv
	deleted:    ../simple_rt_experiment/experimental_parameters/lvlc_10.csv
	deleted:    ../simple_rt_experiment/experimental_parameters/lvlc_11.csv
	deleted:    ../simple_rt_experiment/experimental_parameters/lvlc_12.csv
	deleted:    ../simple_rt_experiment/experimental_parameters/lvlc_13.csv
	deleted:    ../simple_rt_experiment/experimental_parameters/lvlc_14.csv
	deleted:    ../simple_rt_experiment/experimental_parameters/lvlc_15.csv
	deleted:    ../simple_rt_experiment/experimental_parameters/lvlc_16.csv
	deleted:    ../simple_rt_experiment/experimental_parameters/lvlc_17.csv
	deleted:    ../simple_rt_experiment/experimental_parameters/lvlc_18.csv
	deleted:    ../simple_rt_experiment/experimental_parameters/lvlc_19.csv
	deleted:    ../simple_rt_experiment/experimental_parameters/lvlc_2.csv
	deleted:    ../simple_rt_experiment/experimental_parameters/lvlc_20.csv
	deleted:    ../simple_rt_experiment/experimental_parameters/lvlc_21.csv
	deleted:    ../simple_rt_experiment/experimental_parameters/lvlc_22.csv
	deleted:    ../simple_rt_experiment/experimental_parameters/lvlc_23.csv
	deleted:    ../simple_rt_experiment/experimental_parameters/lvlc_24.csv
	deleted:    ../simple_rt_experiment/experimental_parameters/lvlc_25.csv
	deleted:    ../simple_rt_experiment/experimental_parameters/lvlc_26.csv
	deleted:    ../simple_rt_experiment/experimental_parameters/lvlc_27.csv
	deleted:    ../simple_rt_experiment/experimental_parameters/lvlc_28.csv
	deleted:    ../simple_rt_experiment/experimental_parameters/lvlc_29.csv
	deleted:    ../simple_rt_experiment/experimental_parameters/lvlc_3.csv
	deleted:    ../simple_rt_experiment/experimental_parameters/lvlc_30.csv
	deleted:    ../simple_rt_experiment/experimental_parameters/lvlc_31.csv
	deleted:    ../simple_rt_experiment/experimental_parameters/lvlc_32.csv
	deleted:    ../simple_rt_experiment/experimental_parameters/lvlc_33.csv
	deleted:    ../simple_rt_experiment/experimental_parameters/lvlc_34.csv
	deleted:    ../simple_rt_experiment/experimental_parameters/lvlc_35.csv
	deleted:    ../simple_rt_experiment/experimental_parameters/lvlc_36.csv
	deleted:    ../simple_rt_experiment/experimental_parameters/lvlc_37.csv
	deleted:    ../simple_rt_experiment/experimental_parameters/lvlc_38.csv
	deleted:    ../simple_rt_experiment/experimental_parameters/lvlc_39.csv
	deleted:    ../simple_rt_experiment/experimental_parameters/lvlc_4.csv
	deleted:    ../simple_rt_experiment/experimental_parameters/lvlc_40.csv
	deleted:    ../simple_rt_experiment/experimental_parameters/lvlc_41.csv
	deleted:    ../simple_rt_experiment/experimental_parameters/lvlc_42.csv
	deleted:    ../simple_rt_experiment/experimental_parameters/lvlc_43.csv
	deleted:    ../simple_rt_experiment/experimental_parameters/lvlc_44.csv
	deleted:    ../simple_rt_experiment/experimental_parameters/lvlc_45.csv
	deleted:    ../simple_rt_experiment/experimental_parameters/lvlc_46.csv
	deleted:    ../simple_rt_experiment/experimental_parameters/lvlc_47.csv
	deleted:    ../simple_rt_experiment/experimental_parameters/lvlc_48.csv
	deleted:    ../simple_rt_experiment/experimental_parameters/lvlc_49.csv
	deleted:    ../simple_rt_experiment/experimental_parameters/lvlc_5.csv
	deleted:    ../simple_rt_experiment/experimental_parameters/lvlc_50.csv
	deleted:    ../simple_rt_experiment/experimental_parameters/lvlc_51.csv
	deleted:    ../simple_rt_experiment/experimental_parameters/lvlc_52.csv
	deleted:    ../simple_rt_experiment/experimental_parameters/lvlc_53.csv
	deleted:    ../simple_rt_experiment/experimental_parameters/lvlc_54.csv
	deleted:    ../simple_rt_experiment/experimental_parameters/lvlc_55.csv
	deleted:    ../simple_rt_experiment/experimental_parameters/lvlc_56.csv
	deleted:    ../simple_rt_experiment/experimental_parameters/lvlc_57.csv
	deleted:    ../simple_rt_experiment/experimental_parameters/lvlc_58.csv
	deleted:    ../simple_rt_experiment/experimental_parameters/lvlc_59.csv
	deleted:    ../simple_rt_experiment/experimental_parameters/lvlc_6.csv
	deleted:    ../simple_rt_experiment/experimental_parameters/lvlc_60.csv
	deleted:    ../simple_rt_experiment/experimental_parameters/lvlc_61.csv
	deleted:    ../simple_rt_experiment/experimental_parameters/lvlc_62.csv
	deleted:    ../simple_rt_experiment/experimental_parameters/lvlc_63.csv
	deleted:    ../simple_rt_experiment/experimental_parameters/lvlc_64.csv
	deleted:    ../simple_rt_experiment/experimental_parameters/lvlc_65.csv
	deleted:    ../simple_rt_experiment/experimental_parameters/lvlc_66.csv
	deleted:    ../simple_rt_experiment/experimental_parameters/lvlc_67.csv
	deleted:    ../simple_rt_experiment/experimental_parameters/lvlc_68.csv
	deleted:    ../simple_rt_experiment/experimental_parameters/lvlc_69.csv
	deleted:    ../simple_rt_experiment/experimental_parameters/lvlc_7.csv
	deleted:    ../simple_rt_experiment/experimental_parameters/lvlc_70.csv
	deleted:    ../simple_rt_experiment/experimental_parameters/lvlc_71.csv
	deleted:    ../simple_rt_experiment/experimental_parameters/lvlc_72.csv
	deleted:    ../simple_rt_experiment/experimental_parameters/lvlc_73.csv
	deleted:    ../simple_rt_experiment/experimental_parameters/lvlc_74.csv
	deleted:    ../simple_rt_experiment/experimental_parameters/lvlc_75.csv
	deleted:    ../simple_rt_experiment/experimental_parameters/lvlc_76.csv
	deleted:    ../simple_rt_experiment/experimental_parameters/lvlc_77.csv
	deleted:    ../simple_rt_experiment/experimental_parameters/lvlc_78.csv
	deleted:    ../simple_rt_experiment/experimental_parameters/lvlc_79.csv
	deleted:    ../simple_rt_experiment/experimental_parameters/lvlc_8.csv
	deleted:    ../simple_rt_experiment/experimental_parameters/lvlc_80.csv
	deleted:    ../simple_rt_experiment/experimental_parameters/lvlc_81.csv
	deleted:    ../simple_rt_experiment/experimental_parameters/lvlc_82.csv
	deleted:    ../simple_rt_experiment/experimental_parameters/lvlc_83.csv
	deleted:    ../simple_rt_experiment/experimental_parameters/lvlc_84.csv
	deleted:    ../simple_rt_experiment/experimental_parameters/lvlc_85.csv
	deleted:    ../simple_rt_experiment/experimental_parameters/lvlc_86.csv
	deleted:    ../simple_rt_experiment/experimental_parameters/lvlc_87.csv
	deleted:    ../simple_rt_experiment/experimental_parameters/lvlc_88.csv
	deleted:    ../simple_rt_experiment/experimental_parameters/lvlc_89.csv
	deleted:    ../simple_rt_experiment/experimental_parameters/lvlc_9.csv
	deleted:    ../simple_rt_experiment/experimental_parameters/lvlc_90.csv
	deleted:    ../simple_rt_experiment/experimental_parameters/lvlc_91.csv
	deleted:    ../simple_rt_experiment/experimental_parameters/lvlc_92.csv
	deleted:    ../simple_rt_experiment/experimental_parameters/lvlc_93.csv
	deleted:    ../simple_rt_experiment/experimental_parameters/lvlc_94.csv
	deleted:    ../simple_rt_experiment/experimental_parameters/lvlc_95.csv
	deleted:    ../simple_rt_experiment/experimental_parameters/lvlc_96.csv
	deleted:    ../simple_rt_experiment/experimental_parameters/lvlc_97.csv
	deleted:    ../simple_rt_experiment/experimental_parameters/lvlc_98.csv
	deleted:    ../simple_rt_experiment/experimental_parameters/lvlc_99.csv
	deleted:    ../simple_rt_experiment/images/coin.png
	deleted:    ../simple_rt_experiment/images/orange_block.png
	deleted:    ../simple_rt_experiment/images/purple_block.jpg
	deleted:    ../simple_rt_experiment/images/treasure_chest.png
	deleted:    ../simple_rt_experiment/instructions.odt
	deleted:    ../simple_rt_experiment/pilot_condition_order.csv
	deleted:    ../simple_rt_experiment/randomize_condition_order.py
	deleted:    ../simple_rt_experiment/randomize_trial_file_set.py
	deleted:    ../simple_rt_experiment/simple_fc_rt.py
	deleted:    ../simple_rt_experiment/sounds/add_coin.wav
	deleted:    ../simple_rt_experiment/sounds/break_block.wav
	deleted:    ../simple_rt_experiment/sounds/buzz.wav
	deleted:    ../simple_rt_experiment/testing_polling_rate/button_polling_rate.npy
	deleted:    ../simple_rt_experiment/testing_polling_rate/get_polling_rate_per_S.ipynb
	deleted:    ../simple_rt_experiment/testing_polling_rate/key_polling_rate.npy
	deleted:    ../simple_rt_experiment/testing_polling_rate/simulating_key_presses.py
	deleted:    ../simple_rt_experiment/testing_polling_rate/test_buttonpress_sensitivity.py
	deleted:    ../simple_rt_experiment/testing_polling_rate/test_iohub_key.py
	deleted:    ../simple_rt_experiment/testing_polling_rate/test_keypress_sensitivity.py
	deleted:    ../simple_rt_experiment/testing_polling_rate/testing_iohub_keypresses.py
	modified:   .DS_Store
	modified:   .iohpid
	deleted:    cron_volatileval_data.log
	modified:   experimental_parameters/.DS_Store
	deleted:    experimental_parameters/deterministic_schedules/test_deterministic_lowC.csv
	modified:   experimental_parameters/deterministic_schedules/test_highC.csv
	modified:   experimental_parameters/deterministic_schedules/test_highV.csv
	modified:   experimental_parameters/deterministic_schedules/test_lowC.csv
	modified:   experimental_parameters/deterministic_schedules/test_lowV.csv
	modified:   experimental_parameters/test_highC.csv
	modified:   experimental_parameters/test_highV.csv
	modified:   experimental_parameters/test_lowC.csv
	modified:   experimental_parameters/test_lowV.csv
	deleted:    instructions.odt
	deleted:    pilot_condition_order.csv
	modified:   push_data.sh
	modified:   simple_fc_rt_p.py
	deleted:    testing_new_implementation.ipynb
	modified:   ../simple_rt_experiment_valueC/.iohpid
	modified:   ../testing_new_implementation.ipynb

Untracked files:
	../.ipynb_checkpoints/
	../m_plots/.ipynb_checkpoints/
	../m_plots/inst_p1.png
	../m_plots/inst_p2.png
	cron_volatileVal_p_data.log
	experimental_parameters/old/
	instructions_p.odt
	pilot_condition_order_p.csv

no changes added to commit
Everything up-to-date
